10:45:17 **** Incremental Build of configuration Release for project OvrvisionProFrm_v1 ****
cs-make all 
'Building file: ../ov5653_sensor.c'
'Invoking: Cross ARM C Compiler'
arm-none-eabi-gcc -mcpu=arm926ej-s -marm -O3 -fmessage-length=0 -fsigned-char -ffunction-sections -fdata-sections -Wall  -g -D__CYU3P_TX__=1 -I"C:\Program Files (x86)\Cypress\EZ-USB FX3 SDK\1.3\/fw_lib/1_3_3/inc" -std=gnu11 -MMD -MP -MF"ov5653_sensor.d" -MT"ov5653_sensor.o" -c -o "ov5653_sensor.o" "../ov5653_sensor.c"
'Finished building: ../ov5653_sensor.c'
' '
'Building target: OvrvisionProFrm_v1.elf'
'Invoking: Cross ARM C Linker'
arm-none-eabi-gcc -mcpu=arm926ej-s -marm -O3 -fmessage-length=0 -fsigned-char -ffunction-sections -fdata-sections -Wall  -g -T "C:\Program Files (x86)\Cypress\EZ-USB FX3 SDK\1.3\/fw_build/fx3_fw/fx3.ld" -nostartfiles -Xlinker --gc-sections -L"C:\Program Files (x86)\Cypress\EZ-USB FX3 SDK\1.3\/fw_lib/1_3_3/fx3_release" -L"C:\Program Files (x86)\Cypress\EZ-USB FX3 SDK\1.3\ARM GCC\/lib/gcc/arm-none-eabi/4.8.1" -L"C:\Program Files (x86)\Cypress\EZ-USB FX3 SDK\1.3\ARM GCC\/arm-none-eabi/lib" -Wl,-Map,"OvrvisionProFrm_v1.map" -Wl,-d  -Wl,--no-wchar-size-warning -Wl,--entry,CyU3PFirmwareEntry -o "OvrvisionProFrm_v1.elf"  ./cyfx_gcc_startup.o ./cyfxtx.o ./cyfxuvcdscr.o ./ov5653_sensor.o ./prouvc_main.o   -lcyu3lpp -lcyfxapi -lcyu3threadx -lc -lgcc
'Finished building target: OvrvisionProFrm_v1.elf'
' '
cs-make --no-print-directory post-build
'Generate boot-loadable binary image'
'C:\Program Files (x86)\Cypress\EZ-USB FX3 SDK\1.3\/util/elf2img/elf2img.exe' -i OvrvisionProFrm_v1.elf -o OvrvisionProFrm_v1.img -v
Note: 256 bytes of interrupt vector code have been removed from the image.
      Use the "-vectorload yes" option to retain this code.
Endian-ness    : Little

Entry point    : 0x40008460
Program header table offset: 0x00000034
Program header count       : 3
Program header entry size  : 0x0020
Copying data from program header:
	Addr=0x00000100 Size(words)=0x0000088a FileSize=0x0000088a Offset=0x00000100 Flags=0x00000005
Copying data from program header:
	Addr=0x40003000 Size(words)=0x00004000 FileSize=0x00004000 Offset=0x00003000 Flags=0x00000005
Copying data from program header:
	Addr=0x40013000 Size(words)=0x00001e8d FileSize=0x00001e8d Offset=0x00013000 Flags=0x00000005
Copying data from program header:
	Addr=0x40030000 Size(words)=0x0000076f FileSize=0x0000015e Offset=0x00020000 Flags=0x00000006
' '

10:45:21 Build Finished (took 3s.404ms)

